[2022-04-21 16:37:08,761] [autoreload.py:677] [autoreload:run_with_reloader] [INFO]- Watching for file changes with StatReloader
[2022-04-21 16:38:30,744] [basehttp.py:187] [basehttp:log_message] [INFO]- "POST /case/sprintlist HTTP/1.1" 200 89
[2022-04-21 16:38:31,525] [basehttp.py:187] [basehttp:log_message] [INFO]- "POST /case/sprintlist HTTP/1.1" 200 89
[2022-04-21 16:39:05,227] [autoreload.py:266] [autoreload:trigger_reload] [INFO]- /Users/yehl/Documents/testPlaform/TPlatform/TPlatform/settings.py changed, reloading.
[2022-04-21 16:39:05,716] [autoreload.py:677] [autoreload:run_with_reloader] [INFO]- Watching for file changes with StatReloader
[2022-04-21 16:39:10,328] [basehttp.py:187] [basehttp:log_message] [INFO]- "OPTIONS /ui/uilist HTTP/1.1" 200 0
[2022-04-21 16:39:10,356] [basehttp.py:187] [basehttp:log_message] [INFO]- "POST /ui/uilist HTTP/1.1" 200 109
[2022-04-21 16:39:13,892] [basehttp.py:187] [basehttp:log_message] [INFO]- "OPTIONS /ui/run HTTP/1.1" 200 0
[2022-04-21 16:39:13,941] [basehttp.py:187] [basehttp:log_message] [INFO]- "POST /ui/run HTTP/1.1" 200 32
[2022-04-21 16:39:15,581] [basehttp.py:187] [basehttp:log_message] [INFO]- "POST /ui/uilist HTTP/1.1" 200 210
[2022-04-21 16:40:56,026] [autoreload.py:266] [autoreload:trigger_reload] [INFO]- /Users/yehl/Documents/testPlaform/TPlatform/UiAuto/views.py changed, reloading.
[2022-04-21 16:40:56,390] [autoreload.py:677] [autoreload:run_with_reloader] [INFO]- Watching for file changes with StatReloader
[2022-04-21 16:41:00,570] [basehttp.py:187] [basehttp:log_message] [INFO]- "POST /ui/run HTTP/1.1" 200 32
[2022-04-21 16:41:02,572] [basehttp.py:187] [basehttp:log_message] [INFO]- "POST /ui/uilist HTTP/1.1" 200 210
[2022-04-21 16:41:34,616] [autoreload.py:266] [autoreload:trigger_reload] [INFO]- /Users/yehl/Documents/testPlaform/TPlatform/UiAuto/views.py changed, reloading.
[2022-04-21 16:41:35,044] [autoreload.py:677] [autoreload:run_with_reloader] [INFO]- Watching for file changes with StatReloader
[2022-04-21 16:41:39,298] [basehttp.py:187] [basehttp:log_message] [INFO]- "POST /ui/run HTTP/1.1" 200 32
[2022-04-21 16:41:40,632] [basehttp.py:187] [basehttp:log_message] [INFO]- "POST /ui/uilist HTTP/1.1" 200 210
[2022-04-21 16:42:32,524] [autoreload.py:266] [autoreload:trigger_reload] [INFO]- /Users/yehl/Documents/testPlaform/TPlatform/UiAuto/views.py changed, reloading.
[2022-04-21 16:42:33,021] [autoreload.py:677] [autoreload:run_with_reloader] [INFO]- Watching for file changes with StatReloader
[2022-04-21 16:42:39,312] [basehttp.py:187] [basehttp:log_message] [INFO]- "POST /ui/run HTTP/1.1" 200 32
[2022-04-21 16:42:40,714] [basehttp.py:187] [basehttp:log_message] [INFO]- "POST /ui/uilist HTTP/1.1" 200 210
[2022-04-21 16:43:38,809] [autoreload.py:266] [autoreload:trigger_reload] [INFO]- /Users/yehl/Documents/testPlaform/TPlatform/UiAuto/views.py changed, reloading.
[2022-04-21 16:43:39,248] [autoreload.py:677] [autoreload:run_with_reloader] [INFO]- Watching for file changes with StatReloader
[2022-04-21 16:43:43,636] [basehttp.py:187] [basehttp:log_message] [INFO]- "POST /ui/run HTTP/1.1" 200 32
[2022-04-21 16:43:45,365] [basehttp.py:187] [basehttp:log_message] [INFO]- "POST /ui/uilist HTTP/1.1" 200 210
[2022-04-21 16:49:11,723] [autoreload.py:266] [autoreload:trigger_reload] [INFO]- /Users/yehl/Documents/testPlaform/TPlatform/UiAuto/views.py changed, reloading.
[2022-04-21 16:49:12,120] [autoreload.py:677] [autoreload:run_with_reloader] [INFO]- Watching for file changes with StatReloader
[2022-04-21 16:49:16,355] [basehttp.py:187] [basehttp:log_message] [INFO]- "POST /ui/run HTTP/1.1" 200 32
[2022-04-21 16:49:17,820] [basehttp.py:187] [basehttp:log_message] [INFO]- "POST /ui/uilist HTTP/1.1" 200 210
[2022-04-21 16:49:47,368] [autoreload.py:266] [autoreload:trigger_reload] [INFO]- /Users/yehl/Documents/testPlaform/TPlatform/UiAuto/views.py changed, reloading.
[2022-04-21 16:49:47,759] [autoreload.py:677] [autoreload:run_with_reloader] [INFO]- Watching for file changes with StatReloader
[2022-04-21 16:49:56,166] [basehttp.py:187] [basehttp:log_message] [INFO]- "POST /ui/run HTTP/1.1" 200 32
[2022-04-21 16:49:57,584] [basehttp.py:187] [basehttp:log_message] [INFO]- "POST /ui/uilist HTTP/1.1" 200 210
[2022-04-21 16:50:15,765] [autoreload.py:266] [autoreload:trigger_reload] [INFO]- /Users/yehl/Documents/testPlaform/TPlatform/UiAuto/views.py changed, reloading.
[2022-04-21 16:50:16,145] [autoreload.py:677] [autoreload:run_with_reloader] [INFO]- Watching for file changes with StatReloader
[2022-04-21 16:50:20,799] [basehttp.py:187] [basehttp:log_message] [INFO]- "POST /ui/run HTTP/1.1" 200 32
[2022-04-21 16:50:22,419] [basehttp.py:187] [basehttp:log_message] [INFO]- "POST /ui/uilist HTTP/1.1" 200 210
[2022-04-21 16:51:02,027] [basehttp.py:187] [basehttp:log_message] [INFO]- "POST /ui/run HTTP/1.1" 200 32
[2022-04-21 16:51:03,397] [basehttp.py:187] [basehttp:log_message] [INFO]- "POST /ui/uilist HTTP/1.1" 200 210
[2022-04-21 16:52:46,874] [autoreload.py:266] [autoreload:trigger_reload] [INFO]- /Users/yehl/Documents/testPlaform/TPlatform/UiAuto/views.py changed, reloading.
[2022-04-21 16:52:47,261] [autoreload.py:677] [autoreload:run_with_reloader] [INFO]- Watching for file changes with StatReloader
[2022-04-21 16:52:56,568] [basehttp.py:187] [basehttp:log_message] [INFO]- "POST /ui/run HTTP/1.1" 200 32
[2022-04-21 16:52:58,106] [basehttp.py:187] [basehttp:log_message] [INFO]- "POST /ui/uilist HTTP/1.1" 200 210
[2022-04-21 16:54:34,267] [autoreload.py:266] [autoreload:trigger_reload] [INFO]- /Users/yehl/Documents/testPlaform/TPlatform/UiAuto/views.py changed, reloading.
[2022-04-21 16:54:34,726] [autoreload.py:677] [autoreload:run_with_reloader] [INFO]- Watching for file changes with StatReloader
[2022-04-21 16:54:41,227] [basehttp.py:187] [basehttp:log_message] [INFO]- "POST /ui/run HTTP/1.1" 200 32
[2022-04-21 16:54:42,684] [basehttp.py:187] [basehttp:log_message] [INFO]- "POST /ui/uilist HTTP/1.1" 200 214
[2022-04-21 16:55:27,203] [autoreload.py:266] [autoreload:trigger_reload] [INFO]- /Users/yehl/Documents/testPlaform/TPlatform/UiAuto/views.py changed, reloading.
[2022-04-21 16:55:27,593] [autoreload.py:677] [autoreload:run_with_reloader] [INFO]- Watching for file changes with StatReloader
[2022-04-21 16:55:31,239] [basehttp.py:187] [basehttp:log_message] [INFO]- "POST /ui/run HTTP/1.1" 200 32
[2022-04-21 16:55:32,956] [basehttp.py:187] [basehttp:log_message] [INFO]- "POST /ui/uilist HTTP/1.1" 200 159
[2022-04-21 16:57:48,783] [autoreload.py:266] [autoreload:trigger_reload] [INFO]- /Users/yehl/Documents/testPlaform/TPlatform/UiAuto/views.py changed, reloading.
[2022-04-21 16:57:49,209] [autoreload.py:677] [autoreload:run_with_reloader] [INFO]- Watching for file changes with StatReloader
[2022-04-21 16:58:17,962] [autoreload.py:266] [autoreload:trigger_reload] [INFO]- /Users/yehl/Documents/testPlaform/TPlatform/UiAuto/views.py changed, reloading.
[2022-04-21 16:58:18,337] [autoreload.py:677] [autoreload:run_with_reloader] [INFO]- Watching for file changes with StatReloader
[2022-04-21 16:58:22,644] [log.py:241] [log:log_response] [WARNING]- Forbidden: /ui/run
[2022-04-21 16:58:22,646] [basehttp.py:187] [basehttp:log_message] [WARNING]- "POST /ui/run HTTP/1.1" 403 28
[2022-04-21 16:58:24,342] [log.py:241] [log:log_response] [WARNING]- Forbidden: /ui/uilist
[2022-04-21 16:58:24,344] [basehttp.py:187] [basehttp:log_message] [WARNING]- "POST /ui/uilist HTTP/1.1" 403 28
[2022-04-21 16:58:27,358] [basehttp.py:187] [basehttp:log_message] [INFO]- "POST /group/login HTTP/1.1" 200 134
[2022-04-21 16:58:32,571] [basehttp.py:187] [basehttp:log_message] [INFO]- "POST /ui/uilist HTTP/1.1" 200 159
[2022-04-21 16:58:35,115] [basehttp.py:187] [basehttp:log_message] [INFO]- "POST /ui/run HTTP/1.1" 200 32
[2022-04-21 16:58:36,561] [basehttp.py:187] [basehttp:log_message] [INFO]- "POST /ui/uilist HTTP/1.1" 200 210
[2022-04-21 16:59:01,787] [autoreload.py:266] [autoreload:trigger_reload] [INFO]- /Users/yehl/Documents/testPlaform/TPlatform/UiAuto/views.py changed, reloading.
[2022-04-21 16:59:02,343] [autoreload.py:677] [autoreload:run_with_reloader] [INFO]- Watching for file changes with StatReloader
[2022-04-21 16:59:05,386] [basehttp.py:187] [basehttp:log_message] [INFO]- "POST /ui/run HTTP/1.1" 200 32
[2022-04-21 16:59:06,664] [basehttp.py:187] [basehttp:log_message] [INFO]- "POST /ui/uilist HTTP/1.1" 200 214
[2022-04-21 16:59:13,999] [autoreload.py:266] [autoreload:trigger_reload] [INFO]- /Users/yehl/Documents/testPlaform/TPlatform/UiAuto/views.py changed, reloading.
[2022-04-21 16:59:14,403] [autoreload.py:677] [autoreload:run_with_reloader] [INFO]- Watching for file changes with StatReloader
[2022-04-21 16:59:17,783] [basehttp.py:187] [basehttp:log_message] [INFO]- "POST /ui/run HTTP/1.1" 200 32
[2022-04-21 16:59:19,241] [basehttp.py:187] [basehttp:log_message] [INFO]- "POST /ui/uilist HTTP/1.1" 200 214
[2022-04-21 17:00:16,367] [autoreload.py:266] [autoreload:trigger_reload] [INFO]- /Users/yehl/Documents/testPlaform/TPlatform/UiAuto/views.py changed, reloading.
[2022-04-21 17:00:16,744] [autoreload.py:677] [autoreload:run_with_reloader] [INFO]- Watching for file changes with StatReloader
[2022-04-21 17:00:28,314] [autoreload.py:266] [autoreload:trigger_reload] [INFO]- /Users/yehl/Documents/testPlaform/TPlatform/UiAuto/views.py changed, reloading.
[2022-04-21 17:00:28,736] [autoreload.py:677] [autoreload:run_with_reloader] [INFO]- Watching for file changes with StatReloader
[2022-04-21 17:00:35,261] [basehttp.py:187] [basehttp:log_message] [INFO]- "POST /ui/run HTTP/1.1" 200 32
[2022-04-21 17:00:36,794] [basehttp.py:187] [basehttp:log_message] [INFO]- "POST /ui/uilist HTTP/1.1" 200 210
[2022-04-21 17:02:18,050] [autoreload.py:266] [autoreload:trigger_reload] [INFO]- /Users/yehl/Documents/testPlaform/TPlatform/PostmanApi/views.py changed, reloading.
[2022-04-21 17:02:18,515] [autoreload.py:677] [autoreload:run_with_reloader] [INFO]- Watching for file changes with StatReloader
[2022-04-21 17:04:27,350] [autoreload.py:266] [autoreload:trigger_reload] [INFO]- /Users/yehl/Documents/testPlaform/TPlatform/UiAuto/views.py changed, reloading.
[2022-04-21 17:04:27,746] [autoreload.py:677] [autoreload:run_with_reloader] [INFO]- Watching for file changes with StatReloader
[2022-04-21 17:04:31,576] [basehttp.py:187] [basehttp:log_message] [INFO]- "POST /ui/run HTTP/1.1" 200 32
[2022-04-21 17:04:33,775] [basehttp.py:187] [basehttp:log_message] [INFO]- "POST /ui/uilist HTTP/1.1" 200 210
[2022-04-21 17:05:46,101] [autoreload.py:266] [autoreload:trigger_reload] [INFO]- /Users/yehl/Documents/testPlaform/TPlatform/UiAuto/views.py changed, reloading.
[2022-04-21 17:05:46,488] [autoreload.py:677] [autoreload:run_with_reloader] [INFO]- Watching for file changes with StatReloader
[2022-04-21 17:05:49,793] [basehttp.py:187] [basehttp:log_message] [INFO]- "POST /ui/run HTTP/1.1" 200 32
[2022-04-21 17:05:51,659] [basehttp.py:187] [basehttp:log_message] [INFO]- "POST /ui/uilist HTTP/1.1" 200 210
[2022-04-21 17:06:08,270] [autoreload.py:266] [autoreload:trigger_reload] [INFO]- /Users/yehl/Documents/testPlaform/TPlatform/UiAuto/views.py changed, reloading.
[2022-04-21 17:06:08,633] [autoreload.py:677] [autoreload:run_with_reloader] [INFO]- Watching for file changes with StatReloader
[2022-04-21 17:06:12,189] [basehttp.py:187] [basehttp:log_message] [INFO]- "POST /ui/run HTTP/1.1" 200 32
[2022-04-21 17:06:13,608] [basehttp.py:187] [basehttp:log_message] [INFO]- "POST /ui/uilist HTTP/1.1" 200 210
[2022-04-21 17:06:29,409] [autoreload.py:266] [autoreload:trigger_reload] [INFO]- /Users/yehl/Documents/testPlaform/TPlatform/UiAuto/views.py changed, reloading.
[2022-04-21 17:06:29,799] [autoreload.py:677] [autoreload:run_with_reloader] [INFO]- Watching for file changes with StatReloader
[2022-04-21 17:06:36,605] [basehttp.py:187] [basehttp:log_message] [INFO]- "POST /ui/run HTTP/1.1" 200 32
[2022-04-21 17:06:38,008] [basehttp.py:187] [basehttp:log_message] [INFO]- "POST /ui/uilist HTTP/1.1" 200 221
[2022-04-21 17:11:04,633] [basehttp.py:187] [basehttp:log_message] [INFO]- "POST /ui/run HTTP/1.1" 200 32
[2022-04-21 17:11:06,233] [basehttp.py:187] [basehttp:log_message] [INFO]- "POST /ui/uilist HTTP/1.1" 200 214
[2022-04-21 17:11:28,450] [autoreload.py:266] [autoreload:trigger_reload] [INFO]- /Users/yehl/Documents/testPlaform/TPlatform/UiAuto/views.py changed, reloading.
[2022-04-21 17:11:28,912] [autoreload.py:677] [autoreload:run_with_reloader] [INFO]- Watching for file changes with StatReloader
[2022-04-21 17:12:00,590] [basehttp.py:187] [basehttp:log_message] [INFO]- "POST /ui/run HTTP/1.1" 200 32
[2022-04-21 17:12:38,740] [autoreload.py:266] [autoreload:trigger_reload] [INFO]- /Users/yehl/Documents/testPlaform/TPlatform/UiAuto/views.py changed, reloading.
[2022-04-21 17:12:39,159] [autoreload.py:677] [autoreload:run_with_reloader] [INFO]- Watching for file changes with StatReloader
[2022-04-21 17:12:41,946] [basehttp.py:187] [basehttp:log_message] [INFO]- "POST /ui/uilist HTTP/1.1" 200 1607
[2022-04-21 17:13:50,490] [basehttp.py:187] [basehttp:log_message] [INFO]- "POST /ui/run HTTP/1.1" 200 32
[2022-04-21 17:13:52,164] [basehttp.py:187] [basehttp:log_message] [INFO]- "POST /ui/uilist HTTP/1.1" 200 1649
[2022-04-21 17:14:02,773] [basehttp.py:187] [basehttp:log_message] [INFO]- "POST /case/sprintlist HTTP/1.1" 200 49
[2022-04-21 17:14:05,300] [basehttp.py:187] [basehttp:log_message] [INFO]- "POST /ui/uilist HTTP/1.1" 200 1649
[2022-04-21 17:14:34,753] [basehttp.py:187] [basehttp:log_message] [INFO]- "POST /ui/run HTTP/1.1" 200 28
[2022-04-21 17:14:35,023] [basehttp.py:187] [basehttp:log_message] [INFO]- "POST /ui/uilist HTTP/1.1" 200 109
[2022-04-21 17:14:44,185] [autoreload.py:266] [autoreload:trigger_reload] [INFO]- /Users/yehl/Documents/testPlaform/TPlatform/UiAuto/views.py changed, reloading.
[2022-04-21 17:14:44,614] [autoreload.py:677] [autoreload:run_with_reloader] [INFO]- Watching for file changes with StatReloader
